<?xml version="1.0" encoding="UTF-8"?>
<testng-results skipped="0" failed="0" ignored="0" total="2" passed="2">
  <reporter-output>
  </reporter-output>
  <suite name="Default suite" duration-ms="15045" started-at="2019-12-16T09:31:32 IST" finished-at="2019-12-16T09:31:47 IST">
    <groups>
    </groups>
    <test name="Default test" duration-ms="15045" started-at="2019-12-16T09:31:32 IST" finished-at="2019-12-16T09:31:47 IST">
      <class name="com.OHRMS.testcasescripts.LoginPageTest">
        <test-method status="PASS" signature="setup()[pri:0, instance:com.OHRMS.testcasescripts.LoginPageTest@7b69c6ba]" name="setup" is-config="true" duration-ms="9212" started-at="2019-12-16T09:31:32 IST" finished-at="2019-12-16T09:31:41 IST">
          <reporter-output>
          </reporter-output>
        </test-method> <!-- setup -->
        <test-method status="PASS" signature="loginPageTitleTest()[pri:1, instance:com.OHRMS.testcasescripts.LoginPageTest@7b69c6ba]" name="loginPageTitleTest" duration-ms="17" started-at="2019-12-16T09:31:41 IST" finished-at="2019-12-16T09:31:41 IST">
          <reporter-output>
          </reporter-output>
        </test-method> <!-- loginPageTitleTest -->
        <test-method status="PASS" signature="LoginTest()[pri:2, instance:com.OHRMS.testcasescripts.LoginPageTest@7b69c6ba]" name="LoginTest" duration-ms="5770" started-at="2019-12-16T09:31:41 IST" finished-at="2019-12-16T09:31:47 IST">
          <reporter-output>
          </reporter-output>
        </test-method> <!-- LoginTest -->
        <test-method status="PASS" signature="teardown()[pri:0, instance:com.OHRMS.testcasescripts.LoginPageTest@7b69c6ba]" name="teardown" is-config="true" duration-ms="1" started-at="2019-12-16T09:31:47 IST" finished-at="2019-12-16T09:31:47 IST">
          <reporter-output>
          </reporter-output>
        </test-method> <!-- teardown -->
      </class> <!-- com.OHRMS.testcasescripts.LoginPageTest -->
    </test> <!-- Default test -->
  </suite> <!-- Default suite -->
</testng-results>
